<?xml version="1.0" encoding="UTF-8"?>
<!-- Generated by org.testng.reporters.JUnitReportReporter -->
<testsuite hostname="LAPTOP-ARRH8E98" failures="0" tests="13" name="test.Soploginfree" time="179.352" errors="0" timestamp="2020-09-15T17:55:52 IST" skipped="0">
  <testcase classname="test.Soploginfree" name="Bothvalue" time="16.987"/>
  <system-out/>
  <testcase classname="test.Soploginfree" name="Email" time="5.453"/>
  <system-out/>
  <testcase classname="test.Soploginfree" name="Emailneg" time="6.333"/>
  <system-out/>
  <testcase classname="test.Soploginfree" name="Mobile" time="6.017"/>
  <system-out/>
  <testcase classname="test.Soploginfree" name="Password" time="6.599"/>
  <system-out/>
  <testcase classname="test.Soploginfree" name="Login" time="41.998"/>
  <system-out/>
  <testcase classname="test.Soploginfree" name="Bothvalue1" time="16.048"/>
  <system-out/>
  <testcase classname="test.Soploginfree" name="Email1" time="11.011"/>
  <system-out/>
  <testcase classname="test.Soploginfree" name="Emailneg1" time="11.042"/>
  <system-out/>
  <testcase classname="test.Soploginfree" name="Pw1" time="6.392"/>
  <system-out/>
  <testcase classname="test.Soploginfree" name="Password1" time="6.058"/>
  <system-out/>
  <testcase classname="test.Soploginfree" name="Passwordneg1" time="11.886"/>
  <system-out/>
  <testcase classname="test.Soploginfree" name="Login1" time="33.528"/>
  <system-out/>
</testsuite> <!-- test.Soploginfree -->
