<?xml version="1.0" encoding="UTF-8"?>
<!-- Generated by org.testng.reporters.JUnitReportReporter -->
<testsuite hostname="LAPTOP-ARRH8E98" name="test.Sopregifree" tests="6" failures="0" timestamp="21 Jun 2020 15:57:54 GMT" time="83.383" errors="0">
  <testcase name="Email" time="5.576" classname="test.Sopregifree"/>
  <testcase name="Bothvalue" time="16.750" classname="test.Sopregifree"/>
  <testcase name="Emailneg" time="5.804" classname="test.Sopregifree"/>
  <testcase name="Login" time="43.392" classname="test.Sopregifree"/>
  <testcase name="Mobile" time="5.749" classname="test.Sopregifree"/>
  <testcase name="Password" time="6.112" classname="test.Sopregifree"/>
</testsuite> <!-- test.Sopregifree -->
